<?xml version="1.0" encoding="UTF-8"?>
<testsuite xmlns:xsi="http://www.w3.org/2001/XMLSchema-instance" xsi:noNamespaceSchemaLocation="https://maven.apache.org/surefire/maven-surefire-plugin/xsd/surefire-test-report-3.0.xsd" version="3.0" name="com.example.SimpleJavaAppTest" time="3.197" tests="8" errors="0" skipped="0" failures="0">
  <properties>
[...]
</properties>
  <testcase name="testTangent" classname="com.example.SimpleJavaAppTest" time="0.192">
    <system-err><![CDATA[Mockito is currently self-attaching to enable the inline-mock-maker. This will no longer work in future releases of the JDK. Please add Mockito as an agent to your build what is described in Mockito's documentation: https://javadoc.io/doc/org.mockito/mockito-core/latest/org/mockito/Mockito.html#0.3
WARNING: A Java agent has been loaded dynamically (C:\Users\91703\.m2\repository\net\bytebuddy\byte-buddy-agent\1.15.4\byte-buddy-agent-1.15.4.jar)
WARNING: If a serviceability tool is in use, please run with -XX:+EnableDynamicAgentLoading to hide this warning
WARNING: If a serviceability tool is not in use, please run with -Djdk.instrument.traceUsage for more information
WARNING: Dynamic loading of agents will be disallowed by default in a future release
]]></system-err>
  </testcase>
  <testcase name="testKilogramsToPounds" classname="com.example.SimpleJavaAppTest" time="0.003"/>
  <testcase name="testAreaOfRectangle" classname="com.example.SimpleJavaAppTest" time="0.001"/>
  <testcase name="testAreaOfCircle" classname="com.example.SimpleJavaAppTest" time="0.001"/>
  <testcase name="testHoursToDays" classname="com.example.SimpleJavaAppTest" time="0.002"/>
  <testcase name="testLogBaseE" classname="com.example.SimpleJavaAppTest" time="0.001"/>
  <testcase name="testSum" classname="com.example.SimpleJavaAppTest" time="0"/>
  <testcase name="testFahrenheitToCelsius" classname="com.example.SimpleJavaAppTest" time="0"/>
  <testcase name="testMean" classname="com.example.SimpleJavaAppTest" time="0.001"/>
  <testcase name="testSine" classname="com.example.SimpleJavaAppTest" time="0.002"/>
  <testcase name="testVolumeOfSphere" classname="com.example.SimpleJavaAppTest" time="0"/>
  <testcase name="testCelsiusToKelvin" classname="com.example.SimpleJavaAppTest" time="0.002"/>
  <testcase name="testHoursToMinutes" classname="com.example.SimpleJavaAppTest" time="0"/>
  <testcase name="testAreaOfTriangle" classname="com.example.SimpleJavaAppTest" time="0.005"/>
  <testcase name="testKilometersToMiles" classname="com.example.SimpleJavaAppTest" time="0.003"/>
  <testcase name="testCelsiusToFahrenheit" classname="com.example.SimpleJavaAppTest" time="0.002"/>
  <testcase name="testMphToKmph" classname="com.example.SimpleJavaAppTest" time="0.001"/>
  <testcase name="testVolumeOfCone" classname="com.example.SimpleJavaAppTest" time="0.002"/>
  <testcase name="testLogarithmBase2" classname="com.example.SimpleJavaAppTest" time="0.001"/>
  <testcase name="testCentimetersToInches" classname="com.example.SimpleJavaAppTest" time="0.003"/>
  <testcase name="testMinOfTwo" classname="com.example.SimpleJavaAppTest" time="0"/>
  <testcase name="testFactorial" classname="com.example.SimpleJavaAppTest" time="0"/>
  <testcase name="testVariance" classname="com.example.SimpleJavaAppTest" time="0"/>
  <testcase name="testCompoundInterest" classname="com.example.SimpleJavaAppTest" time="0"/>
  <testcase name="testMainMethod" classname="com.example.SimpleJavaAppTest" time="0.188"/>
  <testcase name="testPowerModulo" classname="com.example.SimpleJavaAppTest" time="0"/>
  <testcase name="testCeilValue" classname="com.example.SimpleJavaAppTest" time="0"/>
  <testcase name="testNetPresentValue" classname="com.example.SimpleJavaAppTest" time="0"/>
  <testcase name="testToRadians" classname="com.example.SimpleJavaAppTest" time="0"/>
  <testcase name="testMinutesToHours" classname="com.example.SimpleJavaAppTest" time="0"/>
  <testcase name="testKelvinToCelsius" classname="com.example.SimpleJavaAppTest" time="0"/>
  <testcase name="testMonthlyLoanPayment" classname="com.example.SimpleJavaAppTest" time="0"/>
  <testcase name="testGetIntegerInput" classname="com.example.SimpleJavaAppTest" time="0.193"/>
  <testcase name="testSimpleInterest" classname="com.example.SimpleJavaAppTest" time="0"/>
  <testcase name="testPerimeterOfRectangle" classname="com.example.SimpleJavaAppTest" time="0.005"/>
  <testcase name="testToDegrees" classname="com.example.SimpleJavaAppTest" time="0"/>
  <testcase name="testRoundOff" classname="com.example.SimpleJavaAppTest" time="0.004"/>
  <testcase name="testFutureValueOfInvestment" classname="com.example.SimpleJavaAppTest" time="0.001"/>
  <testcase name="testPoundsToKilograms" classname="com.example.SimpleJavaAppTest" time="0"/>
  <testcase name="testKmphToMph" classname="com.example.SimpleJavaAppTest" time="0.001"/>
  <testcase name="testMaxOfTwo" classname="com.example.SimpleJavaAppTest" time="0.001"/>
  <testcase name="testCosine" classname="com.example.SimpleJavaAppTest" time="0.002"/>
  <testcase name="testDivide" classname="com.example.SimpleJavaAppTest" time="0"/>
  <testcase name="testStandardDeviation" classname="com.example.SimpleJavaAppTest" time="0.002"/>
  <testcase name="testRandomInRange" classname="com.example.SimpleJavaAppTest" time="0.002"/>
  <testcase name="testInchesToCentimeters" classname="com.example.SimpleJavaAppTest" time="0.001"/>
  <testcase name="testModulo" classname="com.example.SimpleJavaAppTest" time="0.001"/>
  <testcase name="testVolumeOfCylinder" classname="com.example.SimpleJavaAppTest" time="0.001"/>
  <testcase name="testDaysToHours" classname="com.example.SimpleJavaAppTest" time="0.001"/>
  <testcase name="testKilogramsToGrams" classname="com.example.SimpleJavaAppTest" time="0.001"/>
  <testcase name="testMilesToKilometers" classname="com.example.SimpleJavaAppTest" time="0"/>
  <testcase name="testFloorValue" classname="com.example.SimpleJavaAppTest" time="0.003"/>
  <testcase name="testPerimeterOfCircle" classname="com.example.SimpleJavaAppTest" time="0"/>
  <testcase name="testMetersToKilometers" classname="com.example.SimpleJavaAppTest" time="0.002"/>
  <testcase name="testSubtract(int, int)" classname="com.example.SimpleJavaAppTest" time="0.935"/>
  <testcase name="testSqrt(int)" classname="com.example.SimpleJavaAppTest" time="0.4"/>
  <testcase name="testAddition(int, int)" classname="com.example.SimpleJavaAppTest" time="0.424"/>
  <testcase name="testCubeRoot(int)" classname="com.example.SimpleJavaAppTest" time="0.371"/>
  <testcase name="testDivide(int, int)" classname="com.example.SimpleJavaAppTest" time="0.239"/>
  <testcase name="testMultiply(int, int)" classname="com.example.SimpleJavaAppTest" time="0.239"/>
  <testcase name="testModulo(int, int)" classname="com.example.SimpleJavaAppTest" time="0.221"/>
  <testcase name="testExponentiate(int, int)" classname="com.example.SimpleJavaAppTest" time="0.278"/>
</testsuite>